INFO:  2025/11/05 22:12:38 logger.go:49: Logging initialized: logs\tf-engine_2025-11-05_22-12-38.log
INFO:  2025/11/05 22:12:38 logger.go:63: === TF-Engine 2.0 Starting ===
INFO:  2025/11/05 22:12:38 logger.go:64: Working directory: C:\Users\Dan\new-trend-following-dashboard
INFO:  2025/11/05 22:12:38 logger.go:65: Executable path: C:\Users\Dan\new-trend-following-dashboard\tf-engine.exe
INFO:  2025/11/05 22:12:38 logger.go:66: Go version: go1.21+
INFO:  2025/11/05 22:12:38 logger.go:67: OS: /
INFO:  2025/11/05 22:12:38 main.go:48: Starting TF-Engine 2.0 version 1.0.0
DEBUG: 2025/11/05 22:12:38 main.go:169: Created directory: data
DEBUG: 2025/11/05 22:12:38 main.go:169: Created directory: data/ui
DEBUG: 2025/11/05 22:12:38 main.go:169: Created directory: data/backups
DEBUG: 2025/11/05 22:12:38 main.go:169: Created directory: logs
INFO:  2025/11/05 22:12:38 main.go:60: Initializing application state...
INFO:  2025/11/05 22:12:38 main.go:64: Loading policy configuration...
DEBUG: 2025/11/05 22:12:38 main.go:196: Found policy file at: data/policy.v1.json
INFO:  2025/11/05 22:12:38 main.go:71: Policy loaded successfully from data/policy.v1.json
INFO:  2025/11/05 22:12:38 main.go:75: Loading feature flags...
INFO:  2025/11/05 22:12:38 main.go:86: Feature flags loaded successfully
INFO:  2025/11/05 22:12:38 main.go:91: Loading user settings...
INFO:  2025/11/05 22:12:38 main.go:98: Settings loaded: $25000 equity, 2.00% risk
INFO:  2025/11/05 22:12:38 main.go:104: Loading existing trades...
INFO:  2025/11/05 22:12:38 main.go:112: Loaded 1 existing trades
INFO:  2025/11/05 22:12:38 main.go:118: Found in-progress trade: WELL
INFO:  2025/11/05 22:12:38 main.go:123: Creating Fyne application...
INFO:  2025/11/05 22:12:38 main.go:128: Creating main window...
INFO:  2025/11/05 22:12:38 main.go:134: Initializing navigator...
INFO:  2025/11/05 22:12:39 main.go:144: Navigating to dashboard...
INFO:  2025/11/05 22:12:39 main.go:148: Application initialized successfully
INFO:  2025/11/05 22:12:39 main.go:149: Showing main window...
DEBUG: 2025/11/05 22:12:49 reference_viewer.go:118: Found reference file at: pine-script-strategies/alt10.pine
DEBUG: 2025/11/05 22:13:04 reference_viewer.go:118: Found reference file at: screeners/MASTER-SCREENER-GUIDE.md
DEBUG: 2025/11/05 22:13:26 reference_viewer.go:118: Found reference file at: pine-script-strategies/turtle-core-v2.2.pine
INFO:  2025/11/05 22:13:32 main.go:153: Application shutting down...
INFO:  2025/11/05 22:13:32 logger.go:56: Closing log file
