INFO:  2025/11/04 10:13:22 logger.go:49: Logging initialized: logs\tf-engine_2025-11-04_10-13-22.log
INFO:  2025/11/04 10:13:22 logger.go:63: === TF-Engine 2.0 Starting ===
INFO:  2025/11/04 10:13:22 logger.go:64: Working directory: C:\Users\Dan\new-trend-following-dashboard
INFO:  2025/11/04 10:13:22 logger.go:65: Executable path: C:\Users\Dan\AppData\Local\go-build\21\21273d6115c4add2cdf33267b21b47812085c9c640b0349c7403a60162f90aae-d\main.exe
INFO:  2025/11/04 10:13:22 logger.go:66: Go version: go1.21+
INFO:  2025/11/04 10:13:22 logger.go:67: OS: /
INFO:  2025/11/04 10:13:22 main.go:48: Starting TF-Engine 2.0 version 1.0.0
DEBUG: 2025/11/04 10:13:22 main.go:156: Created directory: data
DEBUG: 2025/11/04 10:13:22 main.go:156: Created directory: data/ui
DEBUG: 2025/11/04 10:13:22 main.go:156: Created directory: data/backups
DEBUG: 2025/11/04 10:13:22 main.go:156: Created directory: logs
INFO:  2025/11/04 10:13:22 main.go:60: Initializing application state...
INFO:  2025/11/04 10:13:22 main.go:64: Loading policy configuration...
DEBUG: 2025/11/04 10:13:22 main.go:183: Found policy file at: data/policy.v1.json
INFO:  2025/11/04 10:13:22 main.go:71: Policy loaded successfully from data/policy.v1.json
INFO:  2025/11/04 10:13:22 main.go:75: Loading feature flags...
INFO:  2025/11/04 10:13:22 main.go:86: Feature flags loaded successfully
INFO:  2025/11/04 10:13:22 main.go:91: Loading existing trades...
INFO:  2025/11/04 10:13:22 main.go:99: Loaded 0 existing trades
INFO:  2025/11/04 10:13:22 main.go:105: Found in-progress trade: 
INFO:  2025/11/04 10:13:22 main.go:110: Creating Fyne application...
INFO:  2025/11/04 10:13:22 main.go:115: Creating main window...
INFO:  2025/11/04 10:13:22 main.go:121: Initializing navigator...
INFO:  2025/11/04 10:13:22 main.go:131: Navigating to dashboard...
INFO:  2025/11/04 10:13:22 main.go:135: Application initialized successfully
INFO:  2025/11/04 10:13:22 main.go:136: Showing main window...
INFO:  2025/11/04 10:16:19 main.go:140: Application shutting down...
INFO:  2025/11/04 10:16:19 logger.go:56: Closing log file
