INFO:  2025/11/19 19:23:57 logger.go:49: Logging initialized: logs\tf-engine_2025-11-19_19-23-57.log
INFO:  2025/11/19 19:23:57 logger.go:63: === TF-Engine 2.0 Starting ===
INFO:  2025/11/19 19:23:57 logger.go:64: Working directory: C:\Users\Dan\new-trend-following-dashboard
INFO:  2025/11/19 19:23:57 logger.go:65: Executable path: C:\Users\Dan\new-trend-following-dashboard\tf-engine.exe
INFO:  2025/11/19 19:23:57 logger.go:66: Go version: go1.21+
INFO:  2025/11/19 19:23:57 logger.go:67: OS: /
INFO:  2025/11/19 19:23:57 main.go:49: Starting TF-Engine 2.0 version 1.0.0
DEBUG: 2025/11/19 19:23:57 main.go:206: Created directory: data
DEBUG: 2025/11/19 19:23:57 main.go:206: Created directory: data/ui
DEBUG: 2025/11/19 19:23:57 main.go:206: Created directory: data/backups
DEBUG: 2025/11/19 19:23:57 main.go:206: Created directory: logs
INFO:  2025/11/19 19:23:57 main.go:61: Initializing application state...
INFO:  2025/11/19 19:23:57 main.go:65: Loading policy configuration...
DEBUG: 2025/11/19 19:23:57 main.go:233: Found policy file at: data/policy.v1.json
INFO:  2025/11/19 19:23:57 main.go:72: Policy loaded successfully from data/policy.v1.json
INFO:  2025/11/19 19:23:57 main.go:76: Loading feature flags...
INFO:  2025/11/19 19:23:57 main.go:87: Feature flags loaded successfully
INFO:  2025/11/19 19:23:57 main.go:92: Loading user settings...
INFO:  2025/11/19 19:23:57 main.go:99: Settings loaded: $25000 equity, 2.00% risk
INFO:  2025/11/19 19:23:57 main.go:105: Loading existing trades...
INFO:  2025/11/19 19:23:57 main.go:113: Loaded 10 existing trades
INFO:  2025/11/19 19:23:57 main.go:119: Found in-progress trade: WELL
INFO:  2025/11/19 19:23:57 main.go:124: Creating Fyne application...
INFO:  2025/11/19 19:23:57 main.go:128: Creating main window...
INFO:  2025/11/19 19:23:57 main.go:138: Initializing navigator...
INFO:  2025/11/19 19:23:57 main.go:171: Vim mode keyboard shortcuts initialized
INFO:  2025/11/19 19:23:57 main.go:181: Navigating to dashboard...
INFO:  2025/11/19 19:23:57 main.go:185: Application initialized successfully
INFO:  2025/11/19 19:23:57 main.go:186: Showing main window...
INFO:  2025/11/19 19:31:14 main.go:190: Application shutting down...
INFO:  2025/11/19 19:31:14 logger.go:56: Closing log file
