INFO:  2025/11/04 08:11:50 logger.go:49: Logging initialized: logs\tf-engine_2025-11-04_08-11-50.log
INFO:  2025/11/04 08:11:50 logger.go:63: === TF-Engine 2.0 Starting ===
INFO:  2025/11/04 08:11:50 logger.go:64: Working directory: C:\Users\Dan\new-trend-following-dashboard
INFO:  2025/11/04 08:11:50 logger.go:65: Executable path: C:\Users\Dan\new-trend-following-dashboard\tf-engine.exe
INFO:  2025/11/04 08:11:50 logger.go:66: Go version: go1.21+
INFO:  2025/11/04 08:11:50 logger.go:67: OS: /
INFO:  2025/11/04 08:11:50 main.go:48: Starting TF-Engine 2.0 version 1.0.0
DEBUG: 2025/11/04 08:11:50 main.go:156: Created directory: data
DEBUG: 2025/11/04 08:11:50 main.go:156: Created directory: data/ui
DEBUG: 2025/11/04 08:11:50 main.go:156: Created directory: data/backups
DEBUG: 2025/11/04 08:11:50 main.go:156: Created directory: logs
INFO:  2025/11/04 08:11:50 main.go:60: Initializing application state...
INFO:  2025/11/04 08:11:50 main.go:64: Loading policy configuration...
DEBUG: 2025/11/04 08:11:50 main.go:183: Found policy file at: data/policy.v1.json
INFO:  2025/11/04 08:11:50 main.go:71: Policy loaded successfully from data/policy.v1.json
INFO:  2025/11/04 08:11:50 main.go:75: Loading feature flags...
INFO:  2025/11/04 08:11:50 main.go:86: Feature flags loaded successfully
INFO:  2025/11/04 08:11:50 main.go:91: Loading existing trades...
INFO:  2025/11/04 08:11:50 main.go:99: Loaded 0 existing trades
INFO:  2025/11/04 08:11:50 main.go:110: Creating Fyne application...
INFO:  2025/11/04 08:11:50 main.go:115: Creating main window...
INFO:  2025/11/04 08:11:51 main.go:121: Initializing navigator...
INFO:  2025/11/04 08:11:51 main.go:126: Showing welcome screen
INFO:  2025/11/04 08:11:51 main.go:131: Navigating to dashboard...
INFO:  2025/11/04 08:11:51 main.go:135: Application initialized successfully
INFO:  2025/11/04 08:11:51 main.go:136: Showing main window...
INFO:  2025/11/04 08:23:28 main.go:140: Application shutting down...
INFO:  2025/11/04 08:23:28 logger.go:56: Closing log file
